<?xml version="1.0" encoding="UTF-8"?>
<!-- Generated by org.testng.reporters.JUnitReportReporter -->
<testsuite skipped="0" hostname="ullas-PC" name="com.stange.scripts.TestLogin" tests="2" failures="0" timestamp="2020-09-30T22:54:09 IST" time="42.176" errors="0">
  <testcase name="testlogin" time="14.001" classname="com.stange.scripts.TestLogin"/>
  <system-out/>
  <testcase name="testlogin" time="28.175" classname="com.stange.scripts.TestLogin"/>
  <system-out/>
</testsuite> <!-- com.stange.scripts.TestLogin -->
